C51 COMPILER V9.00   DELAY                                                                 04/12/2015 14:34:35 PAGE 1   


C51 COMPILER V9.00, COMPILATION OF MODULE DELAY
OBJECT MODULE PLACED IN delay.OBJ
COMPILER INVOKED BY: D:\Program Files\KEIL\C51\C51\BIN\C51.EXE delay.c BROWSE DEBUG OBJECTEXTEND

line level    source

   1          #include "includes.h"
   2          
   3          void delay_ms(int n)//1ms—” ±
   4          {
   5   1              uint i=0,j=0;
   6   1              for(i=0;i<n;i++)
   7   1                      for(j=0;j<123;j++);
   8   1      } 
   9          


MODULE INFORMATION:   STATIC OVERLAYABLE
   CODE SIZE        =     32    ----
   CONSTANT SIZE    =   ----    ----
   XDATA SIZE       =   ----    ----
   PDATA SIZE       =   ----    ----
   DATA SIZE        =   ----    ----
   IDATA SIZE       =   ----    ----
   BIT SIZE         =   ----    ----
END OF MODULE INFORMATION.


C51 COMPILATION COMPLETE.  0 WARNING(S),  0 ERROR(S)
