C51 COMPILER V9.00   DISPLAY                                                               04/12/2015 14:34:35 PAGE 1   


C51 COMPILER V9.00, COMPILATION OF MODULE DISPLAY
OBJECT MODULE PLACED IN display.OBJ
COMPILER INVOKED BY: D:\Program Files\KEIL\C51\C51\BIN\C51.EXE display.c BROWSE DEBUG OBJECTEXTEND

line level    source

   1          #include "includes.h"
   2          
   3          void lcd_wcom(uchar com) //1602 写命令函数 单片机给 1602 写命令
   4          { 
   5   1              rs=0; //选择指令寄存器
   6   1              rw=0; //选择写
   7   1              P0=com; //把命令字送入
   8   1              delay_ms(1); //延时一小会儿， 让 1602 准备接收数据
   9   1              en=1; //使能线电平变化， 命令送入 1602 的 8 位数据口
  10   1              en=0;
  11   1      }
  12          void lcd_wdat(uchar dat) //1602 写数据函数
  13          {
  14   1              rs=1; //选择数据寄存器
  15   1              rw=0; //选择写
  16   1              P0=dat; //把要显示的数据送入
  17   1              delay_ms(1); //延时一小会儿， 让 1602 准备接收数据
  18   1              en=1; //使能线电平变化， 数据送入 1602 的 8 位数据口
  19   1              en=0;
  20   1      }
  21          
  22          void LCD_Display(uint location, uchar Display_Part[])
  23          {
  24   1              int i=0;
  25   1              lcd_wcom(location); 
  26   1              for(i=0;Display_Part[i] != 0;i++)
  27   1              {
  28   2                      lcd_wdat(Display_Part[i]);
  29   2                      delay_ms(1);
  30   2              }
  31   1      }
  32          
  33          void lcd_init() //1602 初始化函数
  34          {
  35   1              lcd_wcom(0x38); //8 位数据， 双列， 5*7 字形
  36   1              lcd_wcom(0x0c); //开启显示屏， 关光标， 光标不闪烁
  37   1              lcd_wcom(0x06); //显示地址递增， 即写一个数据后， 显示位置右移一位
  38   1              lcd_wcom(0x01); //清屏
  39   1              LCD_Display(0x80,"Speed:");
  40   1              LCD_Display(0x80+0x09,"rpm");
  41   1      }
  42          
  43          


MODULE INFORMATION:   STATIC OVERLAYABLE
   CODE SIZE        =    140    ----
   CONSTANT SIZE    =     11    ----
   XDATA SIZE       =   ----    ----
   PDATA SIZE       =   ----    ----
   DATA SIZE        =   ----       5
   IDATA SIZE       =   ----    ----
   BIT SIZE         =   ----    ----
END OF MODULE INFORMATION.


C51 COMPILATION COMPLETE.  0 WARNING(S),  0 ERROR(S)
