C51 COMPILER V9.00   INIT                                                                  04/12/2015 14:34:35 PAGE 1   


C51 COMPILER V9.00, COMPILATION OF MODULE INIT
OBJECT MODULE PLACED IN init.OBJ
COMPILER INVOKED BY: D:\Program Files\KEIL\C51\C51\BIN\C51.EXE init.c BROWSE DEBUG OBJECTEXTEND

line level    source

   1          #include "includes.h"
   2          void Timer_Ext_UART_Init()
   3          {
   4   1              EA = 0;//关闭总中断
   5   1      
   6   1              ET0 = 1;//ET0用于PWM产生
   7   1              ET1 = 1;//ET1测速计时
   8   1              ET2 = 1 ;//用于产生串口波特率
   9   1              EX0 = 1;//打开外部中断0
  10   1              ES = 1; //打开串口中断
  11   1              //RI = 0;//清除接收中断标志位
  12   1              //REN = 1;//允许串行接收
  13   1              //SM0 = 0;//串口方式1；
  14   1              //SM1 = 1;
  15   1      
  16   1              TMOD = 0x12;//T0:工作方式2   T1:工作方式1
  17   1              T2CON = 0x34;//T2做为波特率发生器
  18   1              //DCEN = 0; //T2默认向上计数
  19   1              SCON = 0x40;
  20   1              PCON = 0x00;
  21   1      
  22   1              TH0 = 0xCE;
  23   1              TL0 = 0xCE;
  24   1              TH1 = 0x3C;//定时50ms
  25   1              TL1 = 0xAF;
  26   1              TH2 = 0xFF;//设置波特率9600
  27   1              TL2 = 0xDC;
  28   1              RCAP2H = 0xFF;//T2自动重装初值
  29   1              RCAP2L = 0xDC;
  30   1      
  31   1              TR0 = 1;//运行定时器0
  32   1              TR1 = 1;//运行定时器1
  33   1              IT0 = 1;//下降沿有效
  34   1      
  35   1              PT0 = 1; //T0中断优先级高
  36   1      
  37   1              EA = 1; //打开总中断
  38   1      }


MODULE INFORMATION:   STATIC OVERLAYABLE
   CODE SIZE        =     59    ----
   CONSTANT SIZE    =   ----    ----
   XDATA SIZE       =   ----    ----
   PDATA SIZE       =   ----    ----
   DATA SIZE        =   ----    ----
   IDATA SIZE       =   ----    ----
   BIT SIZE         =   ----    ----
END OF MODULE INFORMATION.


C51 COMPILATION COMPLETE.  0 WARNING(S),  0 ERROR(S)
