C51 COMPILER V9.00   KEYBOARD                                                              04/12/2015 14:34:35 PAGE 1   


C51 COMPILER V9.00, COMPILATION OF MODULE KEYBOARD
OBJECT MODULE PLACED IN keyboard.OBJ
COMPILER INVOKED BY: D:\Program Files\KEIL\C51\C51\BIN\C51.EXE keyboard.c BROWSE DEBUG OBJECTEXTEND

line level    source

   1          #include "includes.h"
   2          /*void Keyboard_Scan()
   3          {
   4                  uchar state;
   5                  P3 = P3 | 0x07;
   6                  state = P3 & 0x07;
   7                  delay_ms(5);
   8                  if (state == P3 & 0x07)
   9                  {
  10                          delay_ms(5);
  11                          if (state == P3 & 0x07)
  12                          {
  13                                  switch (state)
  14                                  {
  15                                          case 0x03:
  16                                                  Motor_Hight++;
  17                                                  LCD_Display(0x80,"KEY1");
  18                                                  break;
  19                                          case 0x05:
  20                                                  Motor_Hight--;
  21                                                  LCD_Display(0x80,"KEY2");
  22                                                  break;
  23                                          case 0x06:
  24                                                  Motor_IN1 = ~Motor_IN1;
  25                                                  Motor_IN2 = ~Motor_IN2;
  26                                                  LCD_Display(0x80,"KEY3");
  27                                                  break;
  28                                  }
  29                          }
  30                  }
  31          } */
  32          
  33          void Keyboard_Scan()
  34          {
  35   1              Key_Increaes = 1;
  36   1              Key_Decrease = 1;
  37   1              Key_Rollback = 1;
  38   1              if(Key_Increaes == 0)
  39   1              {
  40   2                      delay_ms(10);
  41   2                      if(Key_Increaes == 0)
  42   2                      {
  43   3                              //LCD_Display(0x80,"KEY1");
  44   3                              Motor_Hight++;
  45   3                              if(Motor_Hight >= 100)
  46   3                              {
  47   4                                      Motor_Hight = 100;
  48   4                              }
  49   3                              while(!Key_Increaes);
  50   3                      }
  51   2              }
  52   1              if(Key_Decrease == 0)
  53   1              {
  54   2                      delay_ms(10);
  55   2                      if(Key_Decrease == 0)
C51 COMPILER V9.00   KEYBOARD                                                              04/12/2015 14:34:35 PAGE 2   

  56   2                      {
  57   3                              //LCD_Display(0x80,"KEY2");
  58   3                              Motor_Hight--;
  59   3                              if(Motor_Hight <= 1)
  60   3                              {
  61   4                                      Motor_Hight = 1;
  62   4                              }
  63   3                              while(!Key_Decrease);
  64   3                      }
  65   2              }
  66   1              if(Key_Rollback == 0)
  67   1              {
  68   2                      delay_ms(10);
  69   2                      if(Key_Rollback == 0)
  70   2                      {
  71   3                              //LCD_Display(0x80,"KEY3");
  72   3                              Send_Data(0);
  73   3                              Motor_IN1 = ~Motor_IN1;
  74   3                              Motor_IN2 = ~Motor_IN2;
  75   3                              while(!Key_Rollback);
  76   3                      }
  77   2              }
  78   1              if(Key_Stop == 0)
  79   1              {
  80   2                      delay_ms(10);
  81   2                      if(Key_Stop == 0)
  82   2                      {
  83   3                              //LCD_Display(0x80,"KEY3");
  84   3                              Motor_Hight = 1;
  85   3                              //Send_Data(2);
  86   3                              while(!Key_Stop);
  87   3                      }
  88   2              }
  89   1      
  90   1      }


MODULE INFORMATION:   STATIC OVERLAYABLE
   CODE SIZE        =    135    ----
   CONSTANT SIZE    =   ----    ----
   XDATA SIZE       =   ----    ----
   PDATA SIZE       =   ----    ----
   DATA SIZE        =   ----    ----
   IDATA SIZE       =   ----    ----
   BIT SIZE         =   ----    ----
END OF MODULE INFORMATION.


C51 COMPILATION COMPLETE.  0 WARNING(S),  0 ERROR(S)
