C51 COMPILER V9.00   ENCODER                                                               04/12/2015 14:26:35 PAGE 1   


C51 COMPILER V9.00, COMPILATION OF MODULE ENCODER
OBJECT MODULE PLACED IN encoder.OBJ
COMPILER INVOKED BY: D:\Program Files\KEIL\C51\C51\BIN\C51.EXE encoder.c BROWSE DEBUG OBJECTEXTEND

line level    source

   1          #include "includes.h"
   2          /*  全局变量  */
   3          uint Encoder_Count = 0;
   4          uint Encoder_Speed = 0;
   5          int Encoder_i = 0;
   6          char speed[4]={'0','0','0',0};
   7          
   8          void Interrupt_EXT0() interrupt 0
   9          {
  10   1              Encoder_Count++;
  11   1              //LCD_Display(0x80, "EXT0");
  12   1      }
  13          void Interrupt_T1() interrupt 3
  14          {
  15   1              TR1=0;
  16   1              TH1 = 0x3C;//定时50ms
  17   1              TL1 = 0xAF;
  18   1              Encoder_i++;
  19   1              if(Encoder_i == 20)
  20   1              {
  21   2                      Encoder_i = 0;
  22   2                      Encoder_Speed =  2.9*Encoder_Count;
  23   2                      Encoder_Count = 0;
  24   2              }
  25   1              TR1=1;
  26   1      } 
  27          
  28          /*void Interrupt_T2() interrupt 5
  29          {
  30                  TR2=0;
  31                  //TH1 = 0x3C;//定时50ms
  32                  //TL1 = 0xAF;
  33                  Encoder_i++;
  34                  if(Encoder_i == 20)
  35                  {
  36                          Encoder_i = 0;
  37                          Encoder_Speed = 10 * Encoder_Count;
  38                          Encoder_Count = 50;
  39                  }
  40                  TR2=1;
  41          }*/
  42          
  43          void itoa(uint num,char a[])
  44          {
  45   1              int i=2;
  46   1              uint temp = num;
  47   1              for(i=2; i>=0; i--)
  48   1              {
  49   2                      a[i] = (temp % 10) + '0';
  50   2                      temp = temp / 10;
  51   2              }
  52   1              
  53   1      } 


C51 COMPILER V9.00   ENCODER                                                               04/12/2015 14:26:35 PAGE 2   

MODULE INFORMATION:   STATIC OVERLAYABLE
   CODE SIZE        =    213    ----
   CONSTANT SIZE    =   ----    ----
   XDATA SIZE       =   ----    ----
   PDATA SIZE       =   ----    ----
   DATA SIZE        =     10       7
   IDATA SIZE       =   ----    ----
   BIT SIZE         =   ----    ----
END OF MODULE INFORMATION.


C51 COMPILATION COMPLETE.  0 WARNING(S),  0 ERROR(S)
