C51 COMPILER V9.00   MAIN                                                                  04/12/2015 14:30:46 PAGE 1   


C51 COMPILER V9.00, COMPILATION OF MODULE MAIN
OBJECT MODULE PLACED IN main.OBJ
COMPILER INVOKED BY: D:\Program Files\KEIL\C51\C51\BIN\C51.EXE main.c BROWSE DEBUG OBJECTEXTEND

line level    source

   1          #include "includes.h"
   2          
   3          void main()
   4          {
   5   1              Motor_Init();
   6   1              lcd_init();
   7   1              Timer_Ext_UART_Init();
   8   1              while(1)
   9   1              {                                                                                  
  10   2                      //Keybo ard_Scan();
  11   2                      //Speed_PID();
  12   2                      itoa(Encoder_Speed,speed);
  13   2                      itoa(Motor_Hight,high);
  14   2                      LCD_Display(0x80+0x06, speed);
  15   2                      LCD_Display(0x80+0x40, high);
  16   2              }
  17   1              
  18   1      }


MODULE INFORMATION:   STATIC OVERLAYABLE
   CODE SIZE        =     63    ----
   CONSTANT SIZE    =   ----    ----
   XDATA SIZE       =   ----    ----
   PDATA SIZE       =   ----    ----
   DATA SIZE        =   ----    ----
   IDATA SIZE       =   ----    ----
   BIT SIZE         =   ----    ----
END OF MODULE INFORMATION.


C51 COMPILATION COMPLETE.  0 WARNING(S),  0 ERROR(S)
