C51 COMPILER V9.00   PID                                                                   04/12/2015 14:30:47 PAGE 1   


C51 COMPILER V9.00, COMPILATION OF MODULE PID
OBJECT MODULE PLACED IN PID.OBJ
COMPILER INVOKED BY: D:\Program Files\KEIL\C51\C51\BIN\C51.EXE PID.c BROWSE DEBUG OBJECTEXTEND

line level    source

   1          #include "includes.h"
   2          //int Cur_Err = 0;//当前偏差值
   3          //uint Last_Err = 0;//上一次偏差值
   4          //uint Pre_Err = 0;//上上次偏差值
   5          //long int Delta_Value = 0;//矫正值
   6          //float Kp = -0.2;//比例系数
   7          //float Ki = 1;//积分系数
   8          //float Kd = 1;//微分系数
   9          void Speed_PID()
  10          {
  11   1              
  12   1              //Cur_Err = Set_Speed - Encoder_Speed;
  13   1              //Cur_Err = Set_Speed - Motor_Hight;
  14   1              //Delta_Value = Kp*(Cur_Err - Last_Err) + Ki*Cur_Err + Kd*(Cur_Err - 2*Last_Err + Pre_Err);
  15   1              //Delta_Value = Kp * Cur_Err;
  16   1              //Motor_Hight += Delta_Value;
  17   1              //Pre_Err = Last_Err;
  18   1              //Last_Err = Cur_Err;
  19   1              /*if(Set_Speed>=0 && Set_Speed<75)
  20   1              {
  21   1                      Motor_Hight = (0.43 * Set_Speed)/100;
  22   1                      if(Motor_Hight == 0)
  23   1                      {
  24   1                              Motor_Hight = 1;
  25   1                      }
  26   1              }
  27   1              else if(Set_Speed>=75 && Set_Speed<118)
  28   1              {
  29   1                      Motor_Hight = ((0.48 * Set_Speed)/255)*100;
  30   1              }
  31   1              else if(Set_Speed>=118 && Set_Speed<171)
  32   1              {
  33   1                      Motor_Hight = ((0.44 * Set_Speed)/255)*100; 
  34   1              }
  35   1              else if(Set_Speed>=171 && Set_Speed<200)
  36   1              {
  37   1                      Motor_Hight = ((0.50 * Set_Speed)/255)*100;
  38   1              }
  39   1              else if(Set_Speed>=200 && Set_Speed<214)
  40   1              {
  41   1                      Motor_Hight = ((0.59 * Set_Speed)/255)*100;
  42   1              }
  43   1              else if(Set_Speed>=214 && Set_Speed<230)
  44   1              {
  45   1                      Motor_Hight = ((0.65 * Set_Speed)/255)*100;
  46   1              }
  47   1              else if(Set_Speed>=230 && Set_Speed<237)
  48   1              {
  49   1                      Motor_Hight = ((0.70 * Set_Speed)/255)*100;
  50   1              }
  51   1              else if(Set_Speed>=237 && Set_Speed<243)
  52   1              {
  53   1                      Motor_Hight = ((0.79 * Set_Speed)/255)*100;
  54   1              }
  55   1              else if(Set_Speed>=243 && Set_Speed<252)
C51 COMPILER V9.00   PID                                                                   04/12/2015 14:30:47 PAGE 2   

  56   1              {
  57   1                      Motor_Hight = ((0.87 * Set_Speed)/255)*100;
  58   1              }
  59   1              else if(Set_Speed>=252 && Set_Speed<255)
  60   1              {
  61   1                      Motor_Hight = ((1 * Set_Speed)/255)*100;
  62   1              }*/
  63   1              
  64   1              while(RX_Data != 0)
  65   1              {
  66   2                      Motor_Hight = 1.2*RX_Data;
  67   2              }
  68   1                      
  69   1      
  70   1      
  71   1      
  72   1      
  73   1      }


MODULE INFORMATION:   STATIC OVERLAYABLE
   CODE SIZE        =     35    ----
   CONSTANT SIZE    =   ----    ----
   XDATA SIZE       =   ----    ----
   PDATA SIZE       =   ----    ----
   DATA SIZE        =   ----    ----
   IDATA SIZE       =   ----    ----
   BIT SIZE         =   ----    ----
END OF MODULE INFORMATION.


C51 COMPILATION COMPLETE.  0 WARNING(S),  0 ERROR(S)
