C51 COMPILER V9.00   UART                                                                  04/12/2015 14:40:41 PAGE 1   


C51 COMPILER V9.00, COMPILATION OF MODULE UART
OBJECT MODULE PLACED IN UART.OBJ
COMPILER INVOKED BY: D:\Program Files\KEIL\C51\C51\BIN\C51.EXE UART.c BROWSE DEBUG OBJECTEXTEND

line level    source

   1          #include "includes.h"
   2          uint RX_Data = 0;
   3          
   4          void Interrupt_IRQ() interrupt 4
   5          {
   6   1              if(RI == 1 )
   7   1              {
   8   2                      RI = 0;
   9   2                      RX_Data = SBUF;
  10   2                      if(RX_Data == 0)
  11   2                      {
  12   3                              Motor_IN1 = ~Motor_IN1;
  13   3                              Motor_IN2 = ~Motor_IN2;
  14   3                      }
  15   2                      else 
  16   2                      {
  17   3                              Motor_Hight = 1.17 * RX_Data;
  18   3                      }
  19   2              }
  20   1              if(TI == 1)
  21   1              {
  22   2                      TI = 0;
  23   2              }
  24   1      }
  25          
  26          /*void Send_Data(uint TX_Data)
  27          {
  28                  ES = 0;
  29                  SBUF = TX_Data;
  30                  while (!TI);
  31                  TI = 0;
  32                  ES = 1;
  33          }*/


MODULE INFORMATION:   STATIC OVERLAYABLE
   CODE SIZE        =    111    ----
   CONSTANT SIZE    =   ----    ----
   XDATA SIZE       =   ----    ----
   PDATA SIZE       =   ----    ----
   DATA SIZE        =      2    ----
   IDATA SIZE       =   ----    ----
   BIT SIZE         =   ----    ----
END OF MODULE INFORMATION.


C51 COMPILATION COMPLETE.  0 WARNING(S),  0 ERROR(S)
